<?xml version='1.0' encoding='UTF-8'?>
<hotspot_log version='160 1' process='1052' time_ms='1500650962267'>
<vm_version>
<name>
Java HotSpot(TM) 64-Bit Server VM
</name>
<release>
25.92-b14
</release>
<info>
Java HotSpot(TM) 64-Bit Server VM (25.92-b14) for windows-amd64 JRE (1.8.0_92-b14), built on Mar 31 2016 21:03:04 by &quot;java_re&quot; with MS VC++ 10.0 (VS2010)
</info>
</vm_version>
<vm_arguments>
<args>
-XX:+UnlockDiagnosticVMOptions -XX:+LogCompilation -XX:CompileThreshold=1 -Dfile.encoding=Cp1252 
</args>
<command>
Allocator
</command>
<launcher>
SUN_STANDARD
</launcher>
<properties>
java.vm.specification.name=Java Virtual Machine Specification
java.vm.version=25.92-b14
java.vm.name=Java HotSpot(TM) 64-Bit Server VM
java.vm.info=mixed mode, sharing
java.ext.dirs=C:\jboss\installed\Java\jdk1.8.0_92\jre\lib\ext;C:\Windows\Sun\Java\lib\ext
java.endorsed.dirs=C:\jboss\installed\Java\jdk1.8.0_92\jre\lib\endorsed
sun.boot.library.path=C:\jboss\installed\Java\jdk1.8.0_92\jre\bin
java.library.path=C:\jboss\installed\Java\jdk1.8.0_92\bin;C:\Windows\Sun\Java\bin;C:\Windows\system32;C:\Windows;C:/jboss/installed/Java/jdk1.8.0_92/bin/../jre/bin/server;C:/jboss/installed/Java/jdk1.8.0_92/bin/../jre/bin;C:/jboss/installed/Java/jdk1.8.0_92/bin/../jre/lib/amd64;C:\Ruby24-x64\bin;c:\windows\system32;C:\Windows\System32;C:\spring\software\apache-maven-3.3.1\bin;C:\Ruby24-x64\bin;c:\windows\system32;C:\Windows\System32;C:\spring\software\apache-maven-3.3.1\bin;C:\Git\bin;C:\jboss\installed\Java\jdk1.8.0_92\bin;F:\java-performance-2017\softwares\eclipse;;.
java.home=C:\jboss\installed\Java\jdk1.8.0_92\jre
java.class.path=F:\java-performance-2017\labs\JMC\03_JFR_GC\bin
sun.boot.class.path=C:\jboss\installed\Java\jdk1.8.0_92\jre\lib\resources.jar;C:\jboss\installed\Java\jdk1.8.0_92\jre\lib\rt.jar;C:\jboss\installed\Java\jdk1.8.0_92\jre\lib\sunrsasign.jar;C:\jboss\installed\Java\jdk1.8.0_92\jre\lib\jsse.jar;C:\jboss\installed\Java\jdk1.8.0_92\jre\lib\jce.jar;C:\jboss\installed\Java\jdk1.8.0_92\jre\lib\charsets.jar;C:\jboss\installed\Java\jdk1.8.0_92\jre\lib\jfr.jar;C:\jboss\installed\Java\jdk1.8.0_92\jre\classes
java.vm.specification.vendor=Oracle Corporation
java.vm.specification.version=1.8
java.vm.vendor=Oracle Corporation
file.encoding=Cp1252
sun.java.command=Allocator
sun.java.launcher=SUN_STANDARD
</properties>
</vm_arguments>
<tty>
<writer thread='5828'/>
<thread_logfile thread='5828' filename='C:\Windows\TEMP\\hs_c5828_pid1052.log'/>
<blob name='MethodHandlesAdapterBlob' size='32000'>
<sect index='1' size='32000' free='31632'/>
</blob>
<writer thread='7288'/>
<thread_logfile thread='7288' filename='C:\Windows\TEMP\\hs_c7288_pid1052.log'/>
<writer thread='6380'/>
<task_queued compile_id='1' method='java/lang/String indexOf (II)I' bytes='70' count='123' backedge_count='3072' iicount='123' level='3' stamp='0.100' comment='tiered' hot_count='123'/>
<task_queued compile_id='2' method='java/lang/String &lt;init&gt; ([CII)V' bytes='82' count='256' iicount='256' level='3' stamp='0.100' comment='tiered' hot_count='256'/>
<task_queued compile_id='3' method='java/util/Arrays copyOfRange ([CII)[C' bytes='63' count='256' iicount='256' level='3' stamp='0.100' comment='tiered' hot_count='256'/>
<task_queued compile_id='4' method='java/lang/String hashCode ()I' bytes='55' count='427' backedge_count='6144' iicount='427' level='3' stamp='0.101' comment='tiered' hot_count='427'/>
<nmethod compile_id='5' compile_kind='c2n' level='0' entry='0x000000000294aa40' size='904' address='0x000000000294a8d0' relocation_offset='288' consts_offset='904' insts_offset='368' method='java/lang/System arraycopy (Ljava/lang/Object;ILjava/lang/Object;II)V' bytes='0' count='640' iicount='640' stamp='0.101'/>
<task_queued compile_id='6' method='java/lang/Object &lt;init&gt; ()V' bytes='1' count='1536' iicount='1536' level='3' stamp='0.101' comment='tiered' hot_count='1536'/>
<writer thread='5828'/>
<nmethod compile_id='1' compiler='C1' level='3' entry='0x000000000294a3e0' size='1592' address='0x000000000294a250' relocation_offset='288' insts_offset='400' stub_offset='1136' scopes_data_offset='1312' scopes_pcs_offset='1440' dependencies_offset='1568' nul_chk_table_offset='1576' method='java/lang/String indexOf (II)I' bytes='70' count='316' backedge_count='7448' iicount='316' stamp='0.101'/>
<nmethod compile_id='4' compiler='C1' level='3' entry='0x0000000002949ec0' size='1224' address='0x0000000002949d50' relocation_offset='288' insts_offset='368' stub_offset='880' scopes_data_offset='1032' scopes_pcs_offset='1104' dependencies_offset='1200' nul_chk_table_offset='1208' method='java/lang/String hashCode ()I' bytes='55' count='458' backedge_count='6555' iicount='458' stamp='0.102'/>
<nmethod compile_id='6' compiler='C1' level='3' entry='0x0000000002949b60' size='776' address='0x0000000002949a10' relocation_offset='288' insts_offset='336' stub_offset='528' scopes_data_offset='680' scopes_pcs_offset='704' dependencies_offset='768' method='java/lang/Object &lt;init&gt; ()V' bytes='1' count='1577' iicount='1577' stamp='0.102'/>
<nmethod compile_id='2' compiler='C1' level='3' entry='0x00000000029492a0' size='2336' address='0x00000000029490d0' relocation_offset='288' insts_offset='464' stub_offset='1520' scopes_data_offset='1752' scopes_pcs_offset='2024' dependencies_offset='2296' nul_chk_table_offset='2304' method='java/lang/String &lt;init&gt; ([CII)V' bytes='82' count='322' iicount='322' stamp='0.103'/>
<nmethod compile_id='3' compiler='C1' level='3' entry='0x000000000294b2a0' size='4704' address='0x000000000294b090' relocation_offset='288' insts_offset='528' stub_offset='3152' scopes_data_offset='3472' scopes_pcs_offset='4280' dependencies_offset='4680' nul_chk_table_offset='4688' oops_offset='3400' method='java/util/Arrays copyOfRange ([CII)[C' bytes='63' count='322' iicount='322' stamp='0.104'/>
<writer thread='6380'/>
<task_queued compile_id='7' method='java/lang/String charAt (I)C' bytes='29' count='1664' iicount='1664' level='3' stamp='0.105' comment='tiered' hot_count='1664'/>
<writer thread='5828'/>
<nmethod compile_id='7' compiler='C1' level='3' entry='0x0000000002948b40' size='1192' address='0x00000000029489d0' relocation_offset='288' insts_offset='368' stub_offset='816' scopes_data_offset='992' scopes_pcs_offset='1056' dependencies_offset='1168' nul_chk_table_offset='1176' method='java/lang/String charAt (I)C' bytes='29' count='1665' iicount='1665' stamp='0.106'/>
<writer thread='6380'/>
<task_queued compile_id='8' method='java/lang/CharacterData of (I)Ljava/lang/CharacterData;' bytes='120' count='896' iicount='896' level='3' stamp='0.106' comment='tiered' hot_count='896'/>
<task_queued compile_id='9' method='java/lang/CharacterDataLatin1 getProperties (I)I' bytes='11' count='896' iicount='896' level='3' stamp='0.106' comment='tiered' hot_count='896'/>
<writer thread='5828'/>
<nmethod compile_id='8' compiler='C1' level='3' entry='0x00000000029481c0' size='2408' address='0x0000000002948010' relocation_offset='288' insts_offset='432' stub_offset='1680' scopes_data_offset='1832' scopes_pcs_offset='2008' dependencies_offset='2344' nul_chk_table_offset='2352' method='java/lang/CharacterData of (I)Ljava/lang/CharacterData;' bytes='120' count='901' iicount='901' stamp='0.107'/>
<nmethod compile_id='9' compiler='C1' level='3' entry='0x000000000294c460' size='936' address='0x000000000294c310' relocation_offset='288' insts_offset='336' stub_offset='592' scopes_data_offset='744' scopes_pcs_offset='808' dependencies_offset='904' nul_chk_table_offset='912' method='java/lang/CharacterDataLatin1 getProperties (I)I' bytes='11' count='901' iicount='901' stamp='0.107'/>
<writer thread='6380'/>
<task_queued compile_id='10' method='java/lang/String length ()I' bytes='6' count='512' iicount='512' level='3' stamp='0.107' comment='tiered' hot_count='512'/>
<writer thread='5828'/>
<nmethod compile_id='10' compiler='C1' level='3' entry='0x000000000294c820' size='792' address='0x000000000294c6d0' relocation_offset='288' insts_offset='336' stub_offset='528' scopes_data_offset='680' scopes_pcs_offset='704' dependencies_offset='768' nul_chk_table_offset='776' method='java/lang/String length ()I' bytes='6' count='516' iicount='516' stamp='0.107'/>
<writer thread='6380'/>
<task_queued compile_id='11' method='java/lang/Character toUpperCase (C)C' bytes='6' count='256' iicount='256' level='3' stamp='0.108' comment='tiered' hot_count='256'/>
<task_queued compile_id='12' method='java/lang/Character toUpperCase (I)I' bytes='9' count='256' iicount='256' level='3' stamp='0.108' comment='tiered' hot_count='256'/>
<writer thread='5828'/>
<nmethod compile_id='11' compiler='C1' level='3' entry='0x000000000294cb80' size='1272' address='0x000000000294ca10' relocation_offset='288' insts_offset='368' stub_offset='848' scopes_data_offset='1048' scopes_pcs_offset='1136' dependencies_offset='1248' nul_chk_table_offset='1256' method='java/lang/Character toUpperCase (C)C' bytes='6' count='259' iicount='259' stamp='0.108'/>
<nmethod compile_id='12' compiler='C1' level='3' entry='0x000000000294d0c0' size='1104' address='0x000000000294cf50' relocation_offset='288' insts_offset='368' stub_offset='752' scopes_data_offset='944' scopes_pcs_offset='984' dependencies_offset='1080' nul_chk_table_offset='1088' method='java/lang/Character toUpperCase (I)I' bytes='9' count='259' iicount='259' stamp='0.108'/>
<writer thread='6380'/>
<task_queued compile_id='13' method='java/lang/Math min (II)I' bytes='11' count='617' iicount='617' level='3' stamp='0.108' comment='tiered' hot_count='617'/>
<writer thread='5828'/>
<nmethod compile_id='13' compiler='C1' level='3' entry='0x000000000294d520' size='816' address='0x000000000294d3d0' relocation_offset='288' insts_offset='336' stub_offset='592' scopes_data_offset='744' scopes_pcs_offset='760' dependencies_offset='808' method='java/lang/Math min (II)I' bytes='11' count='619' iicount='619' stamp='0.109'/>
<writer thread='6380'/>
<task_queued compile_id='14' method='java/util/TreeMap parentOf (Ljava/util/TreeMap$Entry;)Ljava/util/TreeMap$Entry;' bytes='13' count='256' iicount='256' level='3' stamp='0.109' comment='tiered' hot_count='256'/>
<writer thread='5828'/>
<nmethod compile_id='14' compiler='C1' level='3' entry='0x000000000294d860' size='856' address='0x000000000294d710' relocation_offset='288' insts_offset='336' stub_offset='592' scopes_data_offset='744' scopes_pcs_offset='768' dependencies_offset='832' nul_chk_table_offset='840' method='java/util/TreeMap parentOf (Ljava/util/TreeMap$Entry;)Ljava/util/TreeMap$Entry;' bytes='13' count='265' iicount='265' stamp='0.109'/>
<writer thread='6380'/>
<task_queued compile_id='15' method='java/lang/CharacterDataLatin1 toUpperCase (I)I' bytes='53' count='384' iicount='384' level='3' stamp='0.109' comment='tiered' hot_count='384'/>
<writer thread='5828'/>
<nmethod compile_id='15' compiler='C1' level='3' entry='0x000000000294dc00' size='1448' address='0x000000000294da90' relocation_offset='288' insts_offset='368' stub_offset='976' scopes_data_offset='1144' scopes_pcs_offset='1304' dependencies_offset='1416' nul_chk_table_offset='1424' method='java/lang/CharacterDataLatin1 toUpperCase (I)I' bytes='53' count='386' iicount='386' stamp='0.110'/>
<writer thread='6380'/>
<task_queued compile_id='16' method='java/lang/AbstractStringBuilder ensureCapacityInternal (I)V' bytes='16' count='256' iicount='256' level='3' stamp='0.115' comment='tiered' hot_count='256'/>
<writer thread='5828'/>
<nmethod compile_id='16' compiler='C1' level='3' entry='0x000000000294ebc0' size='1112' address='0x000000000294ea50' relocation_offset='288' insts_offset='368' stub_offset='784' scopes_data_offset='968' scopes_pcs_offset='1008' dependencies_offset='1088' nul_chk_table_offset='1096' method='java/lang/AbstractStringBuilder ensureCapacityInternal (I)V' bytes='16' count='277' iicount='277' stamp='0.115'/>
<writer thread='6380'/>
<task_queued compile_id='17' method='java/lang/Character toLowerCase (I)I' bytes='9' count='896' iicount='896' level='3' stamp='0.116' comment='tiered' hot_count='896'/>
<task_queued compile_id='18' method='java/lang/CharacterDataLatin1 toLowerCase (I)I' bytes='39' count='896' iicount='896' level='3' stamp='0.116' comment='tiered' hot_count='896'/>
<writer thread='5828'/>
<nmethod compile_id='17' compiler='C1' level='3' entry='0x000000000294f040' size='1104' address='0x000000000294eed0' relocation_offset='288' insts_offset='368' stub_offset='752' scopes_data_offset='944' scopes_pcs_offset='984' dependencies_offset='1080' nul_chk_table_offset='1088' method='java/lang/Character toLowerCase (I)I' bytes='9' count='899' iicount='899' stamp='0.116'/>
<nmethod compile_id='18' compiler='C1' level='3' entry='0x000000000294f4c0' size='1320' address='0x000000000294f350' relocation_offset='288' insts_offset='368' stub_offset='848' scopes_data_offset='1016' scopes_pcs_offset='1176' dependencies_offset='1288' nul_chk_table_offset='1296' method='java/lang/CharacterDataLatin1 toLowerCase (I)I' bytes='39' count='899' iicount='899' stamp='0.117'/>
<writer thread='6380'/>
<task_queued compile_id='19' method='java/lang/AbstractStringBuilder append (C)Ljava/lang/AbstractStringBuilder;' bytes='29' count='256' iicount='256' level='3' stamp='0.117' comment='tiered' hot_count='256'/>
<writer thread='5828'/>
<nmethod compile_id='19' compiler='C1' level='3' entry='0x000000000294fa00' size='1472' address='0x000000000294f890' relocation_offset='288' insts_offset='368' stub_offset='976' scopes_data_offset='1168' scopes_pcs_offset='1288' dependencies_offset='1432' nul_chk_table_offset='1440' method='java/lang/AbstractStringBuilder append (C)Ljava/lang/AbstractStringBuilder;' bytes='29' count='272' iicount='272' stamp='0.118'/>
<writer thread='6380'/>
<task_queued compile_id='20' method='java/io/WinNTFileSystem isSlash (C)Z' bytes='18' count='256' iicount='256' level='3' stamp='0.118' comment='tiered' hot_count='256'/>
<writer thread='5828'/>
<nmethod compile_id='20' compiler='C1' level='3' entry='0x000000000294ffe0' size='912' address='0x000000000294fe90' relocation_offset='288' insts_offset='336' stub_offset='688' scopes_data_offset='840' scopes_pcs_offset='856' dependencies_offset='904' method='java/io/WinNTFileSystem isSlash (C)Z' bytes='18' count='276' iicount='276' stamp='0.118'/>
<writer thread='6380'/>
<task_queued compile_id='21' method='java/lang/StringBuffer append (C)Ljava/lang/StringBuffer;' bytes='13' count='256' iicount='256' level='3' stamp='0.119' comment='tiered' hot_count='256'/>
<writer thread='5828'/>
<nmethod compile_id='21' compiler='C1' level='3' entry='0x00000000029503e0' size='2192' address='0x0000000002950250' relocation_offset='288' insts_offset='400' stub_offset='1488' scopes_data_offset='1680' scopes_pcs_offset='1976' dependencies_offset='2152' nul_chk_table_offset='2160' method='java/lang/StringBuffer append (C)Ljava/lang/StringBuffer;' bytes='13' count='278' iicount='278' stamp='0.119'/>
<writer thread='6380'/>
<task_queued compile_id='22' method='java/lang/String getChars (II[CI)V' bytes='62' count='256' iicount='256' level='3' stamp='0.120' comment='tiered' hot_count='256'/>
<writer thread='5828'/>
<nmethod compile_id='22' compiler='C1' level='3' entry='0x0000000002950cc0' size='2000' address='0x0000000002950b10' relocation_offset='288' insts_offset='432' stub_offset='1296' scopes_data_offset='1520' scopes_pcs_offset='1752' dependencies_offset='1976' nul_chk_table_offset='1984' method='java/lang/String getChars (II[CI)V' bytes='62' count='256' iicount='256' stamp='0.120'/>
<writer thread='6380'/>
<task_queued compile_id='23' method='java/lang/AbstractStringBuilder append (Ljava/lang/String;)Ljava/lang/AbstractStringBuilder;' bytes='50' count='249' iicount='249' level='3' stamp='0.121' comment='tiered' hot_count='249'/>
<writer thread='5828'/>
<nmethod compile_id='23' compiler='C1' level='3' entry='0x00000000029514a0' size='2120' address='0x0000000002951310' relocation_offset='288' insts_offset='400' stub_offset='1488' scopes_data_offset='1720' scopes_pcs_offset='1904' dependencies_offset='2080' nul_chk_table_offset='2088' method='java/lang/AbstractStringBuilder append (Ljava/lang/String;)Ljava/lang/AbstractStringBuilder;' bytes='50' count='250' iicount='250' stamp='0.122'/>
<writer thread='6380'/>
<task_queued compile_id='24' method='java/lang/String equals (Ljava/lang/Object;)Z' bytes='81' count='256' backedge_count='1415' iicount='256' level='3' stamp='0.122' comment='tiered' hot_count='256'/>
<writer thread='5828'/>
<nmethod compile_id='24' compiler='C1' level='3' entry='0x0000000002951d20' size='2184' address='0x0000000002951b90' relocation_offset='288' insts_offset='400' stub_offset='1616' scopes_data_offset='1768' scopes_pcs_offset='1968' dependencies_offset='2144' nul_chk_table_offset='2152' method='java/lang/String equals (Ljava/lang/Object;)Z' bytes='81' count='256' backedge_count='1415' iicount='256' stamp='0.123'/>
<writer thread='6380'/>
<task_queued compile_id='25' method='java/lang/String charAt (I)C' bytes='29' count='5632' iicount='5632' stamp='0.128' comment='tiered' hot_count='5632'/>
<task_queued compile_id='26' method='java/lang/String indexOf (I)I' bytes='7' count='256' iicount='256' level='3' stamp='0.129' comment='tiered' hot_count='256'/>
<writer thread='5828'/>
<nmethod compile_id='26' compiler='C1' level='3' entry='0x0000000002955a80' size='992' address='0x0000000002955910' relocation_offset='288' insts_offset='368' stub_offset='720' scopes_data_offset='896' scopes_pcs_offset='920' dependencies_offset='984' method='java/lang/String indexOf (I)I' bytes='7' count='256' iicount='256' stamp='0.129'/>
<writer thread='7288'/>
<nmethod compile_id='25' compiler='C2' level='4' entry='0x0000000002955e60' size='720' address='0x0000000002955d10' relocation_offset='288' insts_offset='336' stub_offset='496' scopes_data_offset='528' scopes_pcs_offset='600' dependencies_offset='696' nul_chk_table_offset='704' method='java/lang/String charAt (I)C' bytes='29' count='5634' iicount='5634' stamp='0.129'/>
<make_not_entrant thread='7288' compile_id='7' compiler='C1' level='3' stamp='0.129'/>
<writer thread='6380'/>
<task_queued compile_id='27' method='java/util/HashMap hash (Ljava/lang/Object;)I' bytes='20' count='256' iicount='256' level='3' stamp='0.131' comment='tiered' hot_count='256'/>
<writer thread='5828'/>
<nmethod compile_id='27' compiler='C1' level='3' entry='0x0000000002955600' size='1104' address='0x0000000002955490' relocation_offset='288' insts_offset='368' stub_offset='784' scopes_data_offset='960' scopes_pcs_offset='1000' dependencies_offset='1080' nul_chk_table_offset='1088' method='java/util/HashMap hash (Ljava/lang/Object;)I' bytes='20' count='256' iicount='256' stamp='0.131'/>
<writer thread='6380'/>
<task_queued compile_id='28' method='java/util/HashMap put (Ljava/lang/Object;Ljava/lang/Object;)Ljava/lang/Object;' bytes='13' count='256' iicount='256' level='3' stamp='0.131' comment='tiered' hot_count='256'/>
<task_queued compile_id='29' method='java/util/HashMap putVal (ILjava/lang/Object;Ljava/lang/Object;ZZ)Ljava/lang/Object;' bytes='300' count='256' backedge_count='9' iicount='256' level='3' stamp='0.131' comment='tiered' hot_count='256'/>
<writer thread='5828'/>
<nmethod compile_id='29' compiler='C1' level='3' entry='0x0000000002953b00' size='7104' address='0x0000000002953890' relocation_offset='288' insts_offset='624' stub_offset='5104' scopes_data_offset='5424' scopes_pcs_offset='6496' dependencies_offset='6992' nul_chk_table_offset='7000' method='java/util/HashMap putVal (ILjava/lang/Object;Ljava/lang/Object;ZZ)Ljava/lang/Object;' bytes='300' count='259' backedge_count='9' iicount='259' stamp='0.133'/>
<nmethod compile_id='28' compiler='C1' level='3' entry='0x00000000029533a0' size='1624' address='0x0000000002953210' relocation_offset='288' insts_offset='400' stub_offset='1168' scopes_data_offset='1368' scopes_pcs_offset='1488' dependencies_offset='1600' nul_chk_table_offset='1608' method='java/util/HashMap put (Ljava/lang/Object;Ljava/lang/Object;)Ljava/lang/Object;' bytes='13' count='259' iicount='259' stamp='0.134'/>
<writer thread='6380'/>
<task_queued compile_id='30' method='java/util/HashMap$Node &lt;init&gt; (ILjava/lang/Object;Ljava/lang/Object;Ljava/util/HashMap$Node;)V' bytes='26' count='256' iicount='256' level='3' stamp='0.134' comment='tiered' hot_count='256'/>
<writer thread='5828'/>
<nmethod compile_id='30' compiler='C1' level='3' entry='0x0000000002952f60' size='984' address='0x0000000002952e10' relocation_offset='288' insts_offset='336' stub_offset='688' scopes_data_offset='856' scopes_pcs_offset='912' dependencies_offset='976' method='java/util/HashMap$Node &lt;init&gt; (ILjava/lang/Object;Ljava/lang/Object;Ljava/util/HashMap$Node;)V' bytes='26' count='256' iicount='256' stamp='0.134'/>
<writer thread='6380'/>
<task_queued compile_id='31' method='java/util/HashMap newNode (ILjava/lang/Object;Ljava/lang/Object;Ljava/util/HashMap$Node;)Ljava/util/HashMap$Node;' bytes='13' count='256' iicount='256' level='3' stamp='0.135' comment='tiered' hot_count='256'/>
<task_queued compile_id='32' method='java/util/HashMap afterNodeInsertion (Z)V' bytes='1' count='256' iicount='256' level='3' stamp='0.135' comment='tiered' hot_count='256'/>
<writer thread='5828'/>
<nmethod compile_id='31' compiler='C1' level='3' entry='0x0000000002956180' size='1320' address='0x0000000002956010' relocation_offset='288' insts_offset='368' stub_offset='912' scopes_data_offset='1080' scopes_pcs_offset='1216' dependencies_offset='1312' method='java/util/HashMap newNode (ILjava/lang/Object;Ljava/lang/Object;Ljava/util/HashMap$Node;)Ljava/util/HashMap$Node;' bytes='13' count='260' iicount='260' stamp='0.135'/>
<nmethod compile_id='32' compiler='C1' level='3' entry='0x00000000029566a0' size='752' address='0x0000000002956550' relocation_offset='288' insts_offset='336' stub_offset='528' scopes_data_offset='680' scopes_pcs_offset='696' dependencies_offset='744' method='java/util/HashMap afterNodeInsertion (Z)V' bytes='1' count='260' iicount='260' stamp='0.135'/>
<writer thread='6380'/>
<task_queued compile_id='33' method='java/lang/Integer valueOf (I)Ljava/lang/Integer;' bytes='32' count='256' iicount='256' level='3' stamp='0.135' comment='tiered' hot_count='256'/>
<task_queued compile_id='34' method='java/lang/Number &lt;init&gt; ()V' bytes='5' count='384' iicount='384' level='3' stamp='0.135' comment='tiered' hot_count='384'/>
<task_queued compile_id='35' method='java/lang/Integer &lt;init&gt; (I)V' bytes='10' count='384' iicount='384' level='3' stamp='0.135' comment='tiered' hot_count='384'/>
<writer thread='5828'/>
<nmethod compile_id='34' compiler='C1' level='3' entry='0x00000000029569a0' size='896' address='0x0000000002956850' relocation_offset='288' insts_offset='336' stub_offset='624' scopes_data_offset='792' scopes_pcs_offset='824' dependencies_offset='888' method='java/lang/Number &lt;init&gt; ()V' bytes='5' count='388' iicount='388' stamp='0.136'/>
<nmethod compile_id='33' compiler='C1' level='3' entry='0x0000000002956d80' size='1592' address='0x0000000002956c10' relocation_offset='288' insts_offset='368' stub_offset='1072' scopes_data_offset='1248' scopes_pcs_offset='1400' dependencies_offset='1560' nul_chk_table_offset='1568' method='java/lang/Integer valueOf (I)Ljava/lang/Integer;' bytes='32' count='262' iicount='262' stamp='0.136'/>
<nmethod compile_id='35' compiler='C1' level='3' entry='0x0000000002957400' size='1072' address='0x0000000002957290' relocation_offset='288' insts_offset='368' stub_offset='752' scopes_data_offset='920' scopes_pcs_offset='984' dependencies_offset='1064' method='java/lang/Integer &lt;init&gt; (I)V' bytes='10' count='384' iicount='384' stamp='0.137'/>
<writer thread='6380'/>
<task_queued compile_id='36' method='java/lang/Integer hashCode ()I' bytes='8' count='256' iicount='256' level='3' stamp='0.137' comment='tiered' hot_count='256'/>
<task_queued compile_id='37' method='java/lang/Integer hashCode (I)I' bytes='2' count='256' iicount='256' level='3' stamp='0.137' comment='tiered' hot_count='256'/>
<writer thread='5828'/>
<nmethod compile_id='36' compiler='C1' level='3' entry='0x0000000002957820' size='888' address='0x00000000029576d0' relocation_offset='288' insts_offset='336' stub_offset='624' scopes_data_offset='784' scopes_pcs_offset='816' dependencies_offset='880' method='java/lang/Integer hashCode ()I' bytes='8' count='257' iicount='257' stamp='0.137'/>
<nmethod compile_id='37' compiler='C1' level='3' entry='0x0000000002957be0' size='720' address='0x0000000002957a90' relocation_offset='288' insts_offset='336' stub_offset='496' scopes_data_offset='648' scopes_pcs_offset='664' dependencies_offset='712' method='java/lang/Integer hashCode (I)I' bytes='2' count='257' iicount='257' stamp='0.137'/>
<writer thread='6380'/>
<task_queued compile_id='38' method='Allocator$MyAlloc &lt;init&gt; (ILAllocator$MyAlloc;)V' bytes='6' count='256' iicount='256' level='3' stamp='0.137' comment='tiered' hot_count='256'/>
<task_queued compile_id='39' method='Allocator$MyAlloc &lt;init&gt; (I)V' bytes='10' count='256' iicount='256' level='3' stamp='0.137' comment='tiered' hot_count='256'/>
<writer thread='5828'/>
<nmethod compile_id='38' compiler='C1' level='3' entry='0x0000000002957f00' size='1104' address='0x0000000002957d90' relocation_offset='288' insts_offset='368' stub_offset='752' scopes_data_offset='936' scopes_pcs_offset='1016' dependencies_offset='1096' oops_offset='896' method='Allocator$MyAlloc &lt;init&gt; (ILAllocator$MyAlloc;)V' bytes='6' count='256' iicount='256' stamp='0.138'/>
<nmethod compile_id='39' compiler='C1' level='3' entry='0x0000000002958360' size='912' address='0x0000000002958210' relocation_offset='288' insts_offset='336' stub_offset='624' scopes_data_offset='800' scopes_pcs_offset='840' dependencies_offset='904' oops_offset='768' method='Allocator$MyAlloc &lt;init&gt; (I)V' bytes='10' count='256' iicount='256' stamp='0.138'/>
<writer thread='6380'/>
<task_queued compile_id='40' method='java/util/HashMap afterNodeInsertion (Z)V' bytes='1' count='1284' iicount='1284' level='1' stamp='0.138' comment='tiered' hot_count='1284'/>
<writer thread='5828'/>
<nmethod compile_id='40' compiler='C1' level='1' entry='0x0000000002958720' size='656' address='0x00000000029585d0' relocation_offset='288' insts_offset='336' stub_offset='464' scopes_data_offset='608' scopes_pcs_offset='616' dependencies_offset='648' method='java/util/HashMap afterNodeInsertion (Z)V' bytes='1' count='1308' iicount='1308' stamp='0.139'/>
<make_not_entrant thread='5828' compile_id='32' compiler='C1' level='3' stamp='0.139'/>
<writer thread='6380'/>
<task_queued compile_id='41' method='java/util/HashMap put (Ljava/lang/Object;Ljava/lang/Object;)Ljava/lang/Object;' bytes='13' count='5379' iicount='5379' stamp='0.140' comment='tiered' hot_count='5379'/>
<task_queued compile_id='42' method='java/util/HashMap newNode (ILjava/lang/Object;Ljava/lang/Object;Ljava/util/HashMap$Node;)Ljava/util/HashMap$Node;' bytes='13' count='5380' iicount='5380' stamp='0.140' comment='tiered' hot_count='5380'/>
<task_queued compile_id='43' method='java/util/HashMap putVal (ILjava/lang/Object;Ljava/lang/Object;ZZ)Ljava/lang/Object;' bytes='300' count='6403' backedge_count='9' iicount='6403' stamp='0.141' comment='tiered' hot_count='6403'/>
<writer thread='3800'/>
<thread_logfile thread='3800' filename='C:\Windows\TEMP\\hs_c3800_pid1052.log'/>
<writer thread='6380'/>
<task_queued compile_id='44' method='java/lang/Integer valueOf (I)Ljava/lang/Integer;' bytes='32' count='7430' iicount='7430' stamp='0.141' comment='tiered' hot_count='7430'/>
<task_queued compile_id='45' method='java/lang/Integer hashCode ()I' bytes='8' count='7425' iicount='7425' stamp='0.141' comment='tiered' hot_count='7425'/>
<task_queued compile_id='46' method='Allocator$MyAlloc &lt;init&gt; (ILAllocator$MyAlloc;)V' bytes='6' count='8448' iicount='8448' stamp='0.142' comment='tiered' hot_count='8448'/>
<task_queued compile_id='47' method='Allocator$MyAlloc getId ()I' bytes='5' count='128' iicount='128' level='1' stamp='0.143' comment='tiered' hot_count='128'/>
<writer thread='5828'/>
<nmethod compile_id='47' compiler='C1' level='1' entry='0x0000000002959160' size='664' address='0x0000000002959010' relocation_offset='288' insts_offset='336' stub_offset='464' scopes_data_offset='616' scopes_pcs_offset='624' dependencies_offset='656' oops_offset='608' method='Allocator$MyAlloc getId ()I' bytes='5' count='128' iicount='128' stamp='0.143'/>
<writer thread='6380'/>
<task_queued compile_id='48' method='java/util/HashMap getNode (ILjava/lang/Object;)Ljava/util/HashMap$Node;' bytes='148' count='256' backedge_count='1' iicount='256' level='3' stamp='0.143' comment='tiered' hot_count='256'/>
<writer thread='5828'/>
<nmethod compile_id='48' compiler='C1' level='3' entry='0x00000000029594a0' size='3616' address='0x00000000029592d0' relocation_offset='288' insts_offset='464' stub_offset='2736' scopes_data_offset='2944' scopes_pcs_offset='3296' dependencies_offset='3552' nul_chk_table_offset='3560' method='java/util/HashMap getNode (ILjava/lang/Object;)Ljava/util/HashMap$Node;' bytes='148' count='256' backedge_count='1' iicount='256' stamp='0.144'/>
<writer thread='6380'/>
<task_queued compile_id='49' method='java/util/HashMap$HashIterator hasNext ()Z' bytes='13' count='256' iicount='256' level='3' stamp='0.144' comment='tiered' hot_count='256'/>
<writer thread='5828'/>
<nmethod compile_id='49' compiler='C1' level='3' entry='0x000000000295a260' size='848' address='0x000000000295a110' relocation_offset='288' insts_offset='336' stub_offset='624' scopes_data_offset='776' scopes_pcs_offset='792' dependencies_offset='840' method='java/util/HashMap$HashIterator hasNext ()Z' bytes='13' count='256' iicount='256' stamp='0.145'/>
<writer thread='6380'/>
<task_queued compile_id='50' method='java/util/HashMap$HashIterator nextNode ()Ljava/util/HashMap$Node;' bytes='100' count='256' backedge_count='32' iicount='256' level='3' stamp='0.145' comment='tiered' hot_count='256'/>
<writer thread='5828'/>
<nmethod compile_id='50' compiler='C1' level='3' entry='0x000000000295a640' size='2088' address='0x000000000295a490' relocation_offset='288' insts_offset='432' stub_offset='1424' scopes_data_offset='1616' scopes_pcs_offset='1808' dependencies_offset='2048' nul_chk_table_offset='2056' method='java/util/HashMap$HashIterator nextNode ()Ljava/util/HashMap$Node;' bytes='100' count='256' backedge_count='32' iicount='256' stamp='0.145'/>
<writer thread='6380'/>
<task_queued compile_id='51' method='java/util/HashMap containsKey (Ljava/lang/Object;)Z' bytes='18' count='256' iicount='256' level='3' stamp='0.145' comment='tiered' hot_count='256'/>
<writer thread='5828'/>
<nmethod compile_id='51' compiler='C1' level='3' entry='0x000000000295ae60' size='1680' address='0x000000000295acd0' relocation_offset='288' insts_offset='400' stub_offset='1232' scopes_data_offset='1432' scopes_pcs_offset='1544' dependencies_offset='1656' nul_chk_table_offset='1664' method='java/util/HashMap containsKey (Ljava/lang/Object;)Z' bytes='18' count='256' iicount='256' stamp='0.146'/>
<writer thread='6380'/>
<task_queued compile_id='52' method='java/lang/Integer intValue ()I' bytes='5' count='128' iicount='128' level='1' stamp='0.146' comment='tiered' hot_count='128'/>
<writer thread='7288'/>
<nmethod compile_id='41' compiler='C2' level='4' entry='0x000000000295e400' size='2024' address='0x000000000295e290' relocation_offset='288' insts_offset='368' stub_offset='1104' scopes_data_offset='1208' scopes_pcs_offset='1752' dependencies_offset='1944' handler_table_offset='1952' nul_chk_table_offset='2000' method='java/util/HashMap put (Ljava/lang/Object;Ljava/lang/Object;)Ljava/lang/Object;' bytes='13' count='10100' iicount='10100' stamp='0.146'/>
<make_not_entrant thread='7288' compile_id='28' compiler='C1' level='3' stamp='0.146'/>
<writer thread='6380'/>
<task_queued compile_id='53' method='java/util/HashMap$ValueIterator next ()Ljava/lang/Object;' bytes='8' count='256' iicount='256' level='3' stamp='0.146' comment='tiered' hot_count='256'/>
<writer thread='5828'/>
<nmethod compile_id='52' compiler='C1' level='1' entry='0x000000000295e120' size='656' address='0x000000000295dfd0' relocation_offset='288' insts_offset='336' stub_offset='464' scopes_data_offset='608' scopes_pcs_offset='616' dependencies_offset='648' method='java/lang/Integer intValue ()I' bytes='5' count='132' iicount='132' stamp='0.146'/>
<nmethod compile_id='53' compiler='C1' level='3' entry='0x000000000295c800' size='1032' address='0x000000000295c690' relocation_offset='288' insts_offset='368' stub_offset='720' scopes_data_offset='896' scopes_pcs_offset='928' dependencies_offset='1008' nul_chk_table_offset='1016' method='java/util/HashMap$ValueIterator next ()Ljava/lang/Object;' bytes='8' count='256' iicount='256' stamp='0.147'/>
<writer thread='3800'/>
<nmethod compile_id='43' compiler='C2' level='4' entry='0x000000000295c100' size='1752' address='0x000000000295bf90' relocation_offset='288' insts_offset='368' stub_offset='1072' scopes_data_offset='1152' scopes_pcs_offset='1520' dependencies_offset='1680' handler_table_offset='1688' nul_chk_table_offset='1736' method='java/util/HashMap putVal (ILjava/lang/Object;Ljava/lang/Object;ZZ)Ljava/lang/Object;' bytes='300' count='10100' backedge_count='9' iicount='10100' stamp='0.147'/>
<make_not_entrant thread='3800' compile_id='29' compiler='C1' level='3' stamp='0.147'/>
<writer thread='6380'/>
<task_queued compile_id='54' method='Allocator$MyAlloc access$0 (LAllocator$MyAlloc;)I' bytes='5' count='256' iicount='256' level='3' stamp='0.147' comment='tiered' hot_count='256'/>
<writer thread='5828'/>
<nmethod compile_id='54' compiler='C1' level='3' entry='0x000000000295bda0' size='808' address='0x000000000295bc50' relocation_offset='288' insts_offset='336' stub_offset='528' scopes_data_offset='696' scopes_pcs_offset='720' dependencies_offset='784' nul_chk_table_offset='792' oops_offset='672' method='Allocator$MyAlloc access$0 (LAllocator$MyAlloc;)I' bytes='5' count='256' iicount='256' stamp='0.147'/>
<writer thread='6380'/>
<task_queued compile_id='55' method='java/lang/Integer equals (Ljava/lang/Object;)Z' bytes='29' count='256' iicount='256' level='3' stamp='0.147' comment='tiered' hot_count='256'/>
<writer thread='3800'/>
<nmethod compile_id='45' compiler='C2' level='4' entry='0x000000000295ebc0' size='440' address='0x000000000295ea90' relocation_offset='288' insts_offset='304' stub_offset='368' scopes_data_offset='392' scopes_pcs_offset='400' dependencies_offset='432' method='java/lang/Integer hashCode ()I' bytes='8' count='10400' iicount='10402' stamp='0.147'/>
<make_not_entrant thread='3800' compile_id='36' compiler='C1' level='3' stamp='0.147'/>
<writer thread='5828'/>
<nmethod compile_id='55' compiler='C1' level='3' entry='0x000000000295b700' size='1656' address='0x000000000295b590' relocation_offset='288' insts_offset='368' stub_offset='1360' scopes_data_offset='1512' scopes_pcs_offset='1552' dependencies_offset='1632' nul_chk_table_offset='1640' method='java/lang/Integer equals (Ljava/lang/Object;)Z' bytes='29' count='283' iicount='283' stamp='0.148'/>
<writer thread='7288'/>
<nmethod compile_id='44' compiler='C2' level='4' entry='0x00000000029602a0' size='768' address='0x0000000002960150' relocation_offset='288' insts_offset='336' stub_offset='560' scopes_data_offset='608' scopes_pcs_offset='656' dependencies_offset='736' handler_table_offset='744' oops_offset='584' method='java/lang/Integer valueOf (I)Ljava/lang/Integer;' bytes='32' count='11008' iicount='11008' stamp='0.148'/>
<make_not_entrant thread='7288' compile_id='33' compiler='C1' level='3' stamp='0.148'/>
<writer thread='6380'/>
<uncommon_trap thread='6380' reason='class_check' action='maybe_recompile' compile_id='41' compiler='C2' level='4' stamp='0.148'>
<jvms bci='9' method='java/util/HashMap hash (Ljava/lang/Object;)I' bytes='20' count='11193' iicount='11193'/>
<jvms bci='2' method='java/util/HashMap put (Ljava/lang/Object;Ljava/lang/Object;)Ljava/lang/Object;' bytes='13' count='10100' iicount='10100'/>
</uncommon_trap>
<uncommon_trap thread='6380' reason='unstable_if' action='reinterpret' compile_id='43' compiler='C2' level='4' stamp='0.148'>
<jvms bci='44' method='java/util/HashMap putVal (ILjava/lang/Object;Ljava/lang/Object;ZZ)Ljava/lang/Object;' bytes='300' count='10100' backedge_count='9' iicount='10100'/>
</uncommon_trap>
<make_not_entrant thread='6380' compile_id='43' compiler='C2' level='4' stamp='0.148'/>
<writer thread='7288'/>
<nmethod compile_id='46' compiler='C2' level='4' entry='0x000000000295b4c0' size='456' address='0x000000000295b390' relocation_offset='288' insts_offset='304' stub_offset='368' scopes_data_offset='408' scopes_pcs_offset='416' dependencies_offset='448' oops_offset='392' method='Allocator$MyAlloc &lt;init&gt; (ILAllocator$MyAlloc;)V' bytes='6' count='10000' iicount='10000' stamp='0.149'/>
<make_not_entrant thread='7288' compile_id='38' compiler='C1' level='3' stamp='0.149'/>
<writer thread='3800'/>
<nmethod compile_id='42' compiler='C2' level='4' entry='0x000000000295ffa0' size='736' address='0x000000000295fe50' relocation_offset='288' insts_offset='336' stub_offset='592' scopes_data_offset='632' scopes_pcs_offset='656' dependencies_offset='704' handler_table_offset='712' method='java/util/HashMap newNode (ILjava/lang/Object;Ljava/lang/Object;Ljava/util/HashMap$Node;)Ljava/util/HashMap$Node;' bytes='13' count='10076' iicount='10076' stamp='0.149'/>
<make_not_entrant thread='3800' compile_id='31' compiler='C1' level='3' stamp='0.149'/>
<writer thread='6380'/>
<task_queued compile_id='56' method='java/util/HashMap getNode (ILjava/lang/Object;)Ljava/util/HashMap$Node;' bytes='148' count='5376' backedge_count='1' iicount='5376' stamp='0.150' comment='tiered' hot_count='5376'/>
<task_queued compile_id='57' method='java/util/HashMap$HashIterator hasNext ()Z' bytes='13' count='5376' iicount='5376' stamp='0.150' comment='tiered' hot_count='5376'/>
<task_queued compile_id='58' method='java/util/HashMap$HashIterator nextNode ()Ljava/util/HashMap$Node;' bytes='100' count='5376' backedge_count='5151' iicount='5376' stamp='0.150' comment='tiered' hot_count='5376'/>
<task_queued compile_id='59' method='java/util/HashMap containsKey (Ljava/lang/Object;)Z' bytes='18' count='6400' iicount='6400' stamp='0.150' comment='tiered' hot_count='6400'/>
<writer thread='3800'/>
<nmethod compile_id='57' compiler='C2' level='4' entry='0x000000000295fd40' size='504' address='0x000000000295fc10' relocation_offset='288' insts_offset='304' stub_offset='400' scopes_data_offset='432' scopes_pcs_offset='448' dependencies_offset='496' method='java/util/HashMap$HashIterator hasNext ()Z' bytes='13' count='7052' iicount='7055' stamp='0.150'/>
<make_not_entrant thread='3800' compile_id='49' compiler='C1' level='3' stamp='0.150'/>
<writer thread='6380'/>
<task_queued compile_id='60' method='java/util/HashMap$ValueIterator next ()Ljava/lang/Object;' bytes='8' count='7424' iicount='7424' stamp='0.151' comment='tiered' hot_count='7424'/>
<task_queued compile_id='61' method='Allocator$MyAlloc access$0 (LAllocator$MyAlloc;)I' bytes='5' count='7424' iicount='7424' stamp='0.151' comment='tiered' hot_count='7424'/>
<task_queued compile_id='62' method='java/lang/Integer equals (Ljava/lang/Object;)Z' bytes='29' count='8475' iicount='8475' stamp='0.151' comment='tiered' hot_count='8475'/>
<uncommon_trap thread='6380' reason='unstable_if' action='reinterpret' compile_id='57' compiler='C2' level='4' stamp='0.152'>
<jvms bci='4' method='java/util/HashMap$HashIterator hasNext ()Z' bytes='13' count='7077' iicount='7077'/>
</uncommon_trap>
<make_not_entrant thread='6380' compile_id='57' compiler='C2' level='4' stamp='0.152'/>
<task_queued compile_id='63' method='java/util/HashMap$HashIterator hasNext ()Z' bytes='13' count='7168' iicount='7168' decompiles='1' unstable_if_traps='1' level='3' stamp='0.152' comment='tiered' hot_count='7168'/>
<writer thread='5828'/>
<nmethod compile_id='63' compiler='C1' level='3' entry='0x000000000295f9e0' size='848' address='0x000000000295f890' relocation_offset='288' insts_offset='336' stub_offset='624' scopes_data_offset='776' scopes_pcs_offset='792' dependencies_offset='840' method='java/util/HashMap$HashIterator hasNext ()Z' bytes='13' count='7168' iicount='7168' decompiles='1' unstable_if_traps='1' stamp='0.152'/>
<writer thread='7288'/>
<nmethod compile_id='56' compiler='C2' level='4' entry='0x000000000295f3e0' size='1480' address='0x000000000295f290' relocation_offset='288' insts_offset='336' stub_offset='816' scopes_data_offset='864' scopes_pcs_offset='1224' dependencies_offset='1432' nul_chk_table_offset='1440' method='java/util/HashMap getNode (ILjava/lang/Object;)Ljava/util/HashMap$Node;' bytes='148' count='10947' backedge_count='1' iicount='10953' stamp='0.152'/>
<make_not_entrant thread='7288' compile_id='48' compiler='C1' level='3' stamp='0.152'/>
<writer thread='3800'/>
<nmethod compile_id='58' compiler='C2' level='4' entry='0x000000000295efa0' size='1072' address='0x000000000295ee50' relocation_offset='288' insts_offset='336' stub_offset='688' scopes_data_offset='720' scopes_pcs_offset='872' dependencies_offset='1032' nul_chk_table_offset='1040' method='java/util/HashMap$HashIterator nextNode ()Ljava/util/HashMap$Node;' bytes='100' count='11911' backedge_count='18073' iicount='11919' stamp='0.153'/>
<make_not_entrant thread='3800' compile_id='50' compiler='C1' level='3' stamp='0.153'/>
<nmethod compile_id='62' compiler='C2' level='4' entry='0x0000000002962fa0' size='688' address='0x0000000002962e50' relocation_offset='288' insts_offset='336' stub_offset='496' scopes_data_offset='536' scopes_pcs_offset='584' dependencies_offset='664' nul_chk_table_offset='672' method='java/lang/Integer equals (Ljava/lang/Object;)Z' bytes='29' count='10617' iicount='10617' stamp='0.154'/>
<make_not_entrant thread='3800' compile_id='55' compiler='C1' level='3' stamp='0.154'/>
<writer thread='6380'/>
<task_queued compile_id='64' method='java/util/HashMap$HashIterator hasNext ()Z' bytes='13' count='13568' iicount='13568' decompiles='1' unstable_if_traps='1' stamp='0.154' comment='tiered' hot_count='13568'/>
<uncommon_trap thread='6380' reason='unstable_if' action='reinterpret' compile_id='58' compiler='C2' level='4' stamp='0.155'>
<jvms bci='95' method='java/util/HashMap$HashIterator nextNode ()Ljava/util/HashMap$Node;' bytes='100' count='11940' backedge_count='18099' iicount='11940'/>
</uncommon_trap>
<make_not_entrant thread='6380' compile_id='58' compiler='C2' level='4' stamp='0.155'/>
<task_queued compile_id='65' method='java/util/HashMap$HashIterator nextNode ()Ljava/util/HashMap$Node;' bytes='100' count='11940' backedge_count='18464' iicount='11940' decompiles='1' unstable_if_traps='1' level='3' stamp='0.155' comment='tiered' hot_count='11940'/>
<writer thread='5828'/>
<nmethod compile_id='65' compiler='C1' level='3' entry='0x000000000295d940' size='2088' address='0x000000000295d790' relocation_offset='288' insts_offset='432' stub_offset='1424' scopes_data_offset='1616' scopes_pcs_offset='1808' dependencies_offset='2048' nul_chk_table_offset='2056' method='java/util/HashMap$HashIterator nextNode ()Ljava/util/HashMap$Node;' bytes='100' count='11940' backedge_count='18464' iicount='11940' decompiles='1' unstable_if_traps='1' stamp='0.156'/>
<writer thread='6380'/>
<uncommon_trap thread='6380' reason='unstable_if' action='reinterpret' compile_id='56' compiler='C2' level='4' stamp='0.156'>
<jvms bci='49' method='java/util/HashMap getNode (ILjava/lang/Object;)Ljava/util/HashMap$Node;' bytes='148' count='10966' backedge_count='1' iicount='10966'/>
</uncommon_trap>
<make_not_entrant thread='6380' compile_id='56' compiler='C2' level='4' stamp='0.156'/>
<task_queued compile_id='66' method='java/util/HashMap getNode (ILjava/lang/Object;)Ljava/util/HashMap$Node;' bytes='148' count='11008' backedge_count='1' iicount='11008' decompiles='1' unstable_if_traps='1' level='3' stamp='0.156' comment='tiered' hot_count='11008'/>
<writer thread='7288'/>
<nmethod compile_id='59' compiler='C2' level='4' entry='0x000000000295d180' size='1896' address='0x000000000295d010' relocation_offset='288' insts_offset='368' stub_offset='1008' scopes_data_offset='1096' scopes_pcs_offset='1600' dependencies_offset='1824' handler_table_offset='1832' nul_chk_table_offset='1856' method='java/util/HashMap containsKey (Ljava/lang/Object;)Z' bytes='18' count='20082' iicount='20084' stamp='0.156'/>
<make_not_entrant thread='7288' compile_id='51' compiler='C1' level='3' stamp='0.156'/>
<nmethod compile_id='64' compiler='C2' level='4' entry='0x0000000002963240' size='472' address='0x0000000002963110' relocation_offset='288' insts_offset='304' stub_offset='400' scopes_data_offset='424' scopes_pcs_offset='432' dependencies_offset='464' method='java/util/HashMap$HashIterator hasNext ()Z' bytes='13' count='17162' iicount='17162' decompiles='1' unstable_if_traps='1' stamp='0.157'/>
<make_not_entrant thread='7288' compile_id='63' compiler='C1' level='3' stamp='0.157'/>
<writer thread='3800'/>
<nmethod compile_id='60' compiler='C2' level='4' entry='0x000000000295cd20' size='1024' address='0x000000000295cbd0' relocation_offset='288' insts_offset='336' stub_offset='656' scopes_data_offset='696' scopes_pcs_offset='856' dependencies_offset='984' nul_chk_table_offset='992' method='java/util/HashMap$ValueIterator next ()Ljava/lang/Object;' bytes='8' count='20084' iicount='20084' stamp='0.157'/>
<make_not_entrant thread='3800' compile_id='53' compiler='C1' level='3' stamp='0.157'/>
<writer thread='5828'/>
<nmethod compile_id='66' compiler='C1' level='3' entry='0x00000000029621e0' size='3616' address='0x0000000002962010' relocation_offset='288' insts_offset='464' stub_offset='2736' scopes_data_offset='2944' scopes_pcs_offset='3296' dependencies_offset='3552' nul_chk_table_offset='3560' method='java/util/HashMap getNode (ILjava/lang/Object;)Ljava/util/HashMap$Node;' bytes='148' count='11048' backedge_count='1' iicount='11048' decompiles='1' unstable_if_traps='1' stamp='0.157'/>
<writer thread='7288'/>
<nmethod compile_id='61' compiler='C2' level='4' entry='0x0000000002960a40' size='496' address='0x0000000002960910' relocation_offset='288' insts_offset='304' stub_offset='368' scopes_data_offset='408' scopes_pcs_offset='424' dependencies_offset='472' nul_chk_table_offset='480' oops_offset='392' method='Allocator$MyAlloc access$0 (LAllocator$MyAlloc;)I' bytes='5' count='21668' iicount='21672' stamp='0.158'/>
<make_not_entrant thread='7288' compile_id='54' compiler='C1' level='3' stamp='0.158'/>
<writer thread='6380'/>
<task_queued compile_id='67' compile_kind='osr' method='Allocator go ()V' bytes='96' count='1' backedge_count='60416' iicount='1' osr_bci='28' level='3' stamp='0.167' comment='tiered' hot_count='60416'/>
<writer thread='5828'/>
<nmethod compile_id='67' compile_kind='osr' compiler='C1' level='3' entry='0x0000000002965a20' size='7568' address='0x0000000002965790' relocation_offset='288' insts_offset='656' stub_offset='4752' scopes_data_offset='5144' scopes_pcs_offset='6696' dependencies_offset='7448' nul_chk_table_offset='7456' oops_offset='5048' method='Allocator go ()V' bytes='96' count='1' backedge_count='69320' iicount='1' stamp='0.169'/>
<writer thread='6380'/>
<task_queued compile_id='68' method='Allocator go ()V' bytes='96' count='1' backedge_count='69976' iicount='1' level='3' stamp='0.169' comment='tiered' hot_count='1'/>
<writer thread='5828'/>
<nmethod compile_id='68' compiler='C1' level='3' entry='0x0000000002963de0' size='7208' address='0x0000000002963b50' relocation_offset='288' insts_offset='656' stub_offset='4528' scopes_data_offset='4920' scopes_pcs_offset='6408' dependencies_offset='7112' nul_chk_table_offset='7120' oops_offset='4824' method='Allocator go ()V' bytes='96' count='1' backedge_count='85911' iicount='1' stamp='0.171'/>
<writer thread='6380'/>
<task_queued compile_id='69' compile_kind='osr' method='Allocator go ()V' bytes='96' count='1' backedge_count='101720' iicount='1' osr_bci='28' stamp='0.173' comment='tiered' hot_count='101720'/>
<nmethod compile_id='70' compile_kind='c2n' level='0' entry='0x0000000002960700' size='840' address='0x0000000002960590' relocation_offset='288' consts_offset='840' insts_offset='368' method='java/lang/Thread yield ()V' bytes='0' count='256' iicount='256' stamp='0.190'/>
<writer thread='3800'/>
<nmethod compile_id='69' compile_kind='osr' compiler='C2' level='4' entry='0x0000000002969a60' size='6320' address='0x0000000002969890' relocation_offset='288' insts_offset='464' stub_offset='3536' scopes_data_offset='3744' scopes_pcs_offset='5480' dependencies_offset='6104' handler_table_offset='6120' nul_chk_table_offset='6216' oops_offset='3576' method='Allocator go ()V' bytes='96' count='1' backedge_count='355885' iicount='1' stamp='0.200'/>
<make_not_entrant thread='3800' compile_id='67' compile_kind='osr' compiler='C1' level='3' stamp='0.200'/>
<writer thread='4700'/>
<task_queued compile_id='71' method='java/lang/StringBuilder append (Ljava/lang/String;)Ljava/lang/StringBuilder;' bytes='8' count='249' iicount='249' level='3' stamp='1.510' comment='tiered' hot_count='249'/>
<writer thread='5828'/>
<nmethod compile_id='71' compiler='C1' level='3' entry='0x00000000029615c0' size='872' address='0x0000000002961450' relocation_offset='288' insts_offset='368' stub_offset='592' scopes_data_offset='768' scopes_pcs_offset='800' dependencies_offset='864' method='java/lang/StringBuilder append (Ljava/lang/String;)Ljava/lang/StringBuilder;' bytes='8' count='249' iicount='249' stamp='1.510'/>
<writer thread='4700'/>
<task_queued compile_id='72' method='java/io/BufferedInputStream getBufIfOpen ()[B' bytes='21' count='256' iicount='256' level='3' stamp='1.511' comment='tiered' hot_count='256'/>
<task_queued compile_id='73' method='java/io/BufferedInputStream read ()I' bytes='49' count='256' iicount='256' level='3' stamp='1.511' comment='tiered' hot_count='256'/>
<task_queued compile_id='74' method='java/io/DataInputStream readUTF (Ljava/io/DataInput;)Ljava/lang/String;' bytes='501' count='183' backedge_count='3072' iicount='183' level='3' stamp='1.511' comment='tiered' hot_count='183'/>
<task_queued compile_id='75' method='java/io/DataInputStream readUTF ()Ljava/lang/String;' bytes='5' count='384' iicount='384' level='3' stamp='1.511' comment='tiered' hot_count='384'/>
<task_queued compile_id='76' method='java/io/DataInputStream readUnsignedShort ()I' bytes='39' count='384' iicount='384' level='3' stamp='1.511' comment='tiered' hot_count='384'/>
<task_queued compile_id='77' method='java/io/BufferedInputStream read1 ([BII)I' bytes='108' count='512' iicount='512' level='3' stamp='1.511' comment='tiered' hot_count='512'/>
<task_queued compile_id='78' method='java/io/DataInputStream readFully ([BII)V' bytes='63' count='512' backedge_count='511' iicount='512' level='3' stamp='1.511' comment='tiered' hot_count='512'/>
<task_queued compile_id='79' method='java/io/BufferedInputStream read ([BII)I' bytes='113' count='512' backedge_count='1' iicount='512' level='3' stamp='1.511' comment='tiered' hot_count='512'/>
<task_queued compile_id='80' method='java/io/DataInputStream readShort ()S' bytes='40' count='640' iicount='640' level='3' stamp='1.512' comment='tiered' hot_count='640'/>
<uncommon_trap thread='4700' reason='class_check' action='maybe_recompile' compile_id='41' compiler='C2' level='4' count='1' state='class_check' stamp='1.514'>
<jvms bci='9' method='java/util/HashMap hash (Ljava/lang/Object;)I' bytes='20' count='30277' iicount='30277' class_check_traps='1'/>
<jvms bci='2' method='java/util/HashMap put (Ljava/lang/Object;Ljava/lang/Object;)Ljava/lang/Object;' bytes='13' count='10100' iicount='10100'/>
</uncommon_trap>
<uncommon_trap thread='4700' reason='class_check' action='maybe_recompile' compile_id='41' compiler='C2' level='4' count='2' state='class_check' stamp='1.514'>
<jvms bci='9' method='java/util/HashMap hash (Ljava/lang/Object;)I' bytes='20' count='30277' iicount='30277' class_check_traps='2'/>
<jvms bci='2' method='java/util/HashMap put (Ljava/lang/Object;Ljava/lang/Object;)Ljava/lang/Object;' bytes='13' count='10100' iicount='10100'/>
</uncommon_trap>
<uncommon_trap thread='4700' reason='class_check' action='maybe_recompile' compile_id='41' compiler='C2' level='4' count='3' state='class_check' stamp='1.514'>
<jvms bci='9' method='java/util/HashMap hash (Ljava/lang/Object;)I' bytes='20' count='30277' iicount='30277' class_check_traps='3'/>
<jvms bci='2' method='java/util/HashMap put (Ljava/lang/Object;Ljava/lang/Object;)Ljava/lang/Object;' bytes='13' count='10100' iicount='10100'/>
</uncommon_trap>
<make_not_entrant thread='4700' compile_id='41' compiler='C2' level='4' stamp='1.514'/>
<task_queued compile_id='81' method='java/util/HashMap putVal (ILjava/lang/Object;Ljava/lang/Object;ZZ)Ljava/lang/Object;' bytes='300' count='10115' backedge_count='10' iicount='10115' decompiles='1' unstable_if_traps='1' level='3' stamp='1.514' comment='tiered' hot_count='10115'/>
<task_queued compile_id='82' method='java/util/HashMap put (Ljava/lang/Object;Ljava/lang/Object;)Ljava/lang/Object;' bytes='13' count='10115' iicount='10115' decompiles='1' stamp='1.514' comment='tiered' hot_count='10115'/>
<uncommon_trap thread='4700' reason='bimorphic' action='maybe_recompile' compile_id='59' compiler='C2' level='4' state='class_check recompiled' stamp='1.515'>
<jvms bci='9' method='java/util/HashMap hash (Ljava/lang/Object;)I' bytes='20' count='30503' iicount='30503' class_check_traps='4'/>
<jvms bci='2' method='java/util/HashMap containsKey (Ljava/lang/Object;)Z' bytes='18' count='20097' iicount='20097'/>
</uncommon_trap>
<writer thread='5828'/>
<nmethod compile_id='74' compiler='C1' level='3' entry='0x000000000296b520' size='15152' address='0x000000000296b150' relocation_offset='288' insts_offset='976' stub_offset='9232' scopes_data_offset='9752' scopes_pcs_offset='13408' dependencies_offset='15008' nul_chk_table_offset='15024' oops_offset='9656' method='java/io/DataInputStream readUTF (Ljava/io/DataInput;)Ljava/lang/String;' bytes='501' count='592' backedge_count='8473' iicount='592' stamp='1.516'/>
<nmethod compile_id='81' compiler='C1' level='3' entry='0x0000000002967f00' size='7104' address='0x0000000002967c90' relocation_offset='288' insts_offset='624' stub_offset='5104' scopes_data_offset='5424' scopes_pcs_offset='6496' dependencies_offset='6992' nul_chk_table_offset='7000' method='java/util/HashMap putVal (ILjava/lang/Object;Ljava/lang/Object;ZZ)Ljava/lang/Object;' bytes='300' count='10329' backedge_count='43' iicount='10329' decompiles='1' unstable_if_traps='1' stamp='1.518'/>
<nmethod compile_id='72' compiler='C1' level='2' entry='0x0000000002960dc0' size='992' address='0x0000000002960c50' relocation_offset='288' insts_offset='368' stub_offset='656' scopes_data_offset='832' scopes_pcs_offset='888' dependencies_offset='984' method='java/io/BufferedInputStream getBufIfOpen ()[B' bytes='21' count='7096' iicount='7096' stamp='1.518'/>
<nmethod compile_id='73' compiler='C1' level='3' entry='0x000000000296ee20' size='2200' address='0x000000000296ec90' relocation_offset='288' insts_offset='400' stub_offset='1552' scopes_data_offset='1760' scopes_pcs_offset='1976' dependencies_offset='2168' nul_chk_table_offset='2176' method='java/io/BufferedInputStream read ()I' bytes='49' count='5123' iicount='5123' stamp='1.519'/>
<nmethod compile_id='78' compiler='C1' level='3' entry='0x000000000296f700' size='2040' address='0x000000000296f550' relocation_offset='288' insts_offset='432' stub_offset='1360' scopes_data_offset='1568' scopes_pcs_offset='1808' dependencies_offset='2016' nul_chk_table_offset='2024' method='java/io/DataInputStream readFully ([BII)V' bytes='63' count='972' backedge_count='972' iicount='972' stamp='1.520'/>
<nmethod compile_id='79' compiler='C1' level='3' entry='0x000000000296ff60' size='3632' address='0x000000000296fd90' relocation_offset='288' insts_offset='464' stub_offset='2544' scopes_data_offset='2784' scopes_pcs_offset='3328' dependencies_offset='3600' nul_chk_table_offset='3608' method='java/io/BufferedInputStream read ([BII)I' bytes='113' count='968' backedge_count='12' iicount='968' stamp='1.521'/>
<nmethod compile_id='80' compiler='C1' level='3' entry='0x0000000002970d60' size='1648' address='0x0000000002970bd0' relocation_offset='288' insts_offset='400' stub_offset='1136' scopes_data_offset='1344' scopes_pcs_offset='1456' dependencies_offset='1616' nul_chk_table_offset='1624' method='java/io/DataInputStream readShort ()S' bytes='40' count='1969' iicount='1969' stamp='1.521'/>
<writer thread='4700'/>
<task_queued compile_id='83' method='sun/nio/cs/SingleByte$Decoder decode (I)C' bytes='11' count='1536' iicount='1536' level='3' stamp='1.522' comment='tiered' hot_count='1536'/>
<writer thread='5828'/>
<nmethod compile_id='77' compiler='C1' level='3' entry='0x0000000002971460' size='3640' address='0x0000000002971250' relocation_offset='288' insts_offset='528' stub_offset='2416' scopes_data_offset='2696' scopes_pcs_offset='3288' dependencies_offset='3608' nul_chk_table_offset='3616' method='java/io/BufferedInputStream read1 ([BII)I' bytes='108' count='980' iicount='980' stamp='1.522'/>
<nmethod compile_id='75' compiler='C1' level='3' entry='0x0000000002967880' size='864' address='0x0000000002967710' relocation_offset='288' insts_offset='368' stub_offset='592' scopes_data_offset='768' scopes_pcs_offset='792' dependencies_offset='856' method='java/io/DataInputStream readUTF ()Ljava/lang/String;' bytes='5' count='592' iicount='592' stamp='1.523'/>
<nmethod compile_id='83' compiler='C1' level='3' entry='0x0000000002972220' size='920' address='0x00000000029720d0' relocation_offset='288' insts_offset='336' stub_offset='592' scopes_data_offset='744' scopes_pcs_offset='792' dependencies_offset='888' nul_chk_table_offset='896' method='sun/nio/cs/SingleByte$Decoder decode (I)C' bytes='11' count='3596' iicount='3596' stamp='1.523'/>
<nmethod compile_id='76' compiler='C1' level='3' entry='0x0000000002972620' size='1648' address='0x0000000002972490' relocation_offset='288' insts_offset='400' stub_offset='1136' scopes_data_offset='1344' scopes_pcs_offset='1456' dependencies_offset='1616' nul_chk_table_offset='1624' method='java/io/DataInputStream readUnsignedShort ()I' bytes='39' count='592' iicount='592' stamp='1.524'/>
<writer thread='4700'/>
<task_queued compile_id='84' method='java/io/File getPath ()Ljava/lang/String;' bytes='5' count='128' iicount='128' level='1' stamp='1.524' comment='tiered' hot_count='128'/>
<uncommon_trap thread='4700' reason='bimorphic' action='maybe_recompile' compile_id='59' compiler='C2' level='4' count='1' state='#15' stamp='1.525'>
<jvms bci='9' method='java/util/HashMap hash (Ljava/lang/Object;)I' bytes='20' count='30582' iicount='30582' class_check_traps='4' bimorphic_traps='1'/>
<jvms bci='2' method='java/util/HashMap containsKey (Ljava/lang/Object;)Z' bytes='18' count='20097' iicount='20097'/>
</uncommon_trap>
<uncommon_trap thread='4700' reason='bimorphic' action='maybe_recompile' compile_id='59' compiler='C2' level='4' count='2' state='#15' stamp='1.525'>
<jvms bci='9' method='java/util/HashMap hash (Ljava/lang/Object;)I' bytes='20' count='30584' iicount='30584' class_check_traps='4' bimorphic_traps='2'/>
<jvms bci='2' method='java/util/HashMap containsKey (Ljava/lang/Object;)Z' bytes='18' count='20097' iicount='20097'/>
</uncommon_trap>
<uncommon_trap thread='4700' reason='bimorphic' action='maybe_recompile' compile_id='59' compiler='C2' level='4' count='3' state='#15' stamp='1.526'>
<jvms bci='9' method='java/util/HashMap hash (Ljava/lang/Object;)I' bytes='20' count='30586' iicount='30586' class_check_traps='4' bimorphic_traps='3'/>
<jvms bci='2' method='java/util/HashMap containsKey (Ljava/lang/Object;)Z' bytes='18' count='20097' iicount='20097'/>
</uncommon_trap>
<make_not_entrant thread='4700' compile_id='59' compiler='C2' level='4' stamp='1.526'/>
<task_queued compile_id='85' method='java/util/Arrays copyOf ([CI)[C' bytes='19' count='256' iicount='256' level='3' stamp='1.526' comment='tiered' hot_count='256'/>
<task_queued compile_id='86' method='java/lang/Object &lt;init&gt; ()V' bytes='1' count='324096' iicount='324096' level='1' stamp='1.527' comment='tiered' hot_count='324096'/>
<task_queued compile_id='87' method='java/lang/String startsWith (Ljava/lang/String;I)Z' bytes='72' count='384' backedge_count='753' iicount='384' level='3' stamp='1.529' comment='tiered' hot_count='384'/>
<task_queued compile_id='88' method='java/lang/String length ()I' bytes='6' count='1536' iicount='1536' level='1' stamp='1.531' comment='tiered' hot_count='1536'/>
<task_queued compile_id='89' method='java/util/ArrayList size ()I' bytes='5' count='128' iicount='128' level='1' stamp='1.532' comment='tiered' hot_count='128'/>
<task_queued compile_id='90' method='java/util/LinkedHashMap removeEldestEntry (Ljava/util/Map$Entry;)Z' bytes='2' count='128' iicount='128' level='1' stamp='1.535' comment='tiered' hot_count='128'/>
<task_queued compile_id='91' method='java/util/HashMap hash (Ljava/lang/Object;)I' bytes='20' count='30976' iicount='30976' class_check_traps='4' bimorphic_traps='4' stamp='1.535' comment='tiered' hot_count='30976'/>
<task_queued compile_id='92' method='java/lang/String hashCode ()I' bytes='55' count='1552' backedge_count='20480' iicount='1552' stamp='1.535' comment='tiered' hot_count='1552'/>
<task_queued compile_id='93' method='java/util/HashMap$Node &lt;init&gt; (ILjava/lang/Object;Ljava/lang/Object;Ljava/util/HashMap$Node;)V' bytes='26' count='10496' iicount='10496' stamp='1.535' comment='tiered' hot_count='10496'/>
<task_queued compile_id='94' method='java/util/LinkedHashMap newNode (ILjava/lang/Object;Ljava/lang/Object;Ljava/util/HashMap$Node;)Ljava/util/HashMap$Node;' bytes='23' count='512' iicount='512' level='3' stamp='1.535' comment='tiered' hot_count='512'/>
<writer thread='3800'/>
<nmethod compile_id='82' compiler='C2' level='4' entry='0x00000000029763e0' size='5168' address='0x0000000002976210' relocation_offset='288' insts_offset='464' stub_offset='2544' scopes_data_offset='2800' scopes_pcs_offset='4456' dependencies_offset='4888' handler_table_offset='4912' nul_chk_table_offset='5128' method='java/util/HashMap put (Ljava/lang/Object;Ljava/lang/Object;)Ljava/lang/Object;' bytes='13' count='10994' iicount='10994' decompiles='1' stamp='1.535'/>
<nmethod compile_id='92' compiler='C2' level='4' entry='0x0000000002973280' size='784' address='0x0000000002973150' relocation_offset='288' insts_offset='304' stub_offset='624' scopes_data_offset='656' scopes_pcs_offset='696' dependencies_offset='760' nul_chk_table_offset='768' method='java/lang/String hashCode ()I' bytes='55' count='1833' backedge_count='23084' iicount='1833' stamp='1.538'/>
<make_not_entrant thread='3800' compile_id='4' compiler='C1' level='3' stamp='1.538'/>
<nmethod compile_id='91' compiler='C2' level='4' entry='0x0000000002972fe0' size='648' address='0x0000000002972e90' relocation_offset='288' insts_offset='336' stub_offset='464' scopes_data_offset='504' scopes_pcs_offset='536' dependencies_offset='600' handler_table_offset='608' nul_chk_table_offset='632' method='java/util/HashMap hash (Ljava/lang/Object;)I' bytes='20' count='31221' iicount='31221' class_check_traps='4' bimorphic_traps='4' stamp='1.538'/>
<make_not_entrant thread='3800' compile_id='27' compiler='C1' level='3' stamp='1.538'/>
<nmethod compile_id='93' compiler='C2' level='4' entry='0x0000000002977780' size='512' address='0x0000000002977650' relocation_offset='288' insts_offset='304' stub_offset='432' scopes_data_offset='464' scopes_pcs_offset='472' dependencies_offset='504' method='java/util/HashMap$Node &lt;init&gt; (ILjava/lang/Object;Ljava/lang/Object;Ljava/util/HashMap$Node;)V' bytes='26' count='10692' iicount='10692' stamp='1.539'/>
<make_not_entrant thread='3800' compile_id='30' compiler='C1' level='3' stamp='1.539'/>
<sweeper state='finished' traversals='1'  total_blobs='328' nmethods='86' adapters='156' free_code_cache='250396544' stamp='1.539'/>
<writer thread='5828'/>
<nmethod compile_id='86' compiler='C1' level='1' entry='0x00000000029760a0' size='688' address='0x0000000002975f50' relocation_offset='288' insts_offset='336' stub_offset='464' scopes_data_offset='616' scopes_pcs_offset='632' dependencies_offset='680' method='java/lang/Object &lt;init&gt; ()V' bytes='1' count='325240' iicount='325240' stamp='1.539'/>
<make_not_entrant thread='5828' compile_id='6' compiler='C1' level='3' stamp='1.539'/>
<nmethod compile_id='88' compiler='C1' level='1' entry='0x0000000002975da0' size='704' address='0x0000000002975c50' relocation_offset='288' insts_offset='336' stub_offset='464' scopes_data_offset='616' scopes_pcs_offset='632' dependencies_offset='680' nul_chk_table_offset='688' method='java/lang/String length ()I' bytes='6' count='2058' iicount='2058' stamp='1.540'/>
<make_not_entrant thread='5828' compile_id='10' compiler='C1' level='3' stamp='1.540'/>
<nmethod compile_id='87' compiler='C1' level='3' entry='0x0000000002975740' size='1600' address='0x00000000029755d0' relocation_offset='288' insts_offset='368' stub_offset='1040' scopes_data_offset='1192' scopes_pcs_offset='1400' dependencies_offset='1560' nul_chk_table_offset='1568' method='java/lang/String startsWith (Ljava/lang/String;I)Z' bytes='72' count='394' backedge_count='848' iicount='394' stamp='1.540'/>
<nmethod compile_id='90' compiler='C1' level='1' entry='0x0000000002975460' size='656' address='0x0000000002975310' relocation_offset='288' insts_offset='336' stub_offset='464' scopes_data_offset='608' scopes_pcs_offset='616' dependencies_offset='648' method='java/util/LinkedHashMap removeEldestEntry (Ljava/util/Map$Entry;)Z' bytes='2' count='587' iicount='587' stamp='1.540'/>
<nmethod compile_id='94' compiler='C1' level='3' entry='0x0000000002974ca0' size='1984' address='0x0000000002974b10' relocation_offset='288' insts_offset='400' stub_offset='1328' scopes_data_offset='1512' scopes_pcs_offset='1816' dependencies_offset='1960' nul_chk_table_offset='1968' method='java/util/LinkedHashMap newNode (ILjava/lang/Object;Ljava/lang/Object;Ljava/util/HashMap$Node;)Ljava/util/HashMap$Node;' bytes='23' count='616' iicount='616' stamp='1.541'/>
<nmethod compile_id='85' compiler='C1' level='3' entry='0x00000000029746c0' size='1424' address='0x0000000002974550' relocation_offset='288' insts_offset='368' stub_offset='1008' scopes_data_offset='1192' scopes_pcs_offset='1288' dependencies_offset='1400' nul_chk_table_offset='1408' method='java/util/Arrays copyOf ([CI)[C' bytes='19' count='346' iicount='346' stamp='1.542'/>
<nmethod compile_id='84' compiler='C1' level='1' entry='0x00000000029743e0' size='656' address='0x0000000002974290' relocation_offset='288' insts_offset='336' stub_offset='464' scopes_data_offset='608' scopes_pcs_offset='616' dependencies_offset='648' method='java/io/File getPath ()Ljava/lang/String;' bytes='5' count='149' iicount='149' stamp='1.542'/>
<nmethod compile_id='89' compiler='C1' level='1' entry='0x0000000002974120' size='656' address='0x0000000002973fd0' relocation_offset='288' insts_offset='336' stub_offset='464' scopes_data_offset='608' scopes_pcs_offset='616' dependencies_offset='648' method='java/util/ArrayList size ()I' bytes='5' count='130' iicount='130' stamp='1.542'/>
<writer thread='4700'/>
<task_queued compile_id='95' method='java/util/Hashtable put (Ljava/lang/Object;Ljava/lang/Object;)Ljava/lang/Object;' bytes='104' count='256' backedge_count='102' iicount='256' level='3' stamp='2248.424' comment='tiered' hot_count='256'/>
<task_queued compile_id='96' method='java/util/Hashtable addEntry (ILjava/lang/Object;Ljava/lang/Object;I)V' bytes='87' count='256' iicount='256' level='3' stamp='2248.424' comment='tiered' hot_count='256'/>
<task_queued compile_id='97' method='java/util/Hashtable access$500 (Ljava/util/Hashtable;)I' bytes='5' count='128' iicount='128' level='1' stamp='2248.424' comment='tiered' hot_count='128'/>
<task_queued compile_id='98' method='java/util/Hashtable get (Ljava/lang/Object;)Ljava/lang/Object;' bytes='69' count='384' backedge_count='145' iicount='384' level='3' stamp='2248.425' comment='tiered' hot_count='384'/>
<task_queued compile_id='99' method='java/lang/AbstractStringBuilder &lt;init&gt; (I)V' bytes='12' count='462' iicount='462' level='3' stamp='2248.425' comment='tiered' hot_count='462'/>
<task_queued compile_id='100' method='java/lang/StringBuffer append (C)Ljava/lang/StringBuffer;' bytes='13' count='5398' iicount='5398' stamp='2248.425' comment='tiered' hot_count='5398'/>
<task_queued compile_id='101' method='java/util/Properties saveConvert (Ljava/lang/String;ZZ)Ljava/lang/String;' bytes='434' count='208' backedge_count='5120' iicount='208' level='3' stamp='2248.425' comment='tiered' hot_count='208'/>
<writer thread='7288'/>
<nmethod compile_id='100' compiler='C2' level='4' entry='0x00000000029737e0' size='2352' address='0x0000000002973690' relocation_offset='288' insts_offset='336' stub_offset='1680' scopes_data_offset='1760' scopes_pcs_offset='2136' dependencies_offset='2280' handler_table_offset='2288' nul_chk_table_offset='2336' method='java/lang/StringBuffer append (C)Ljava/lang/StringBuffer;' bytes='13' count='7348' iicount='7348' stamp='2248.436'/>
<make_not_entrant thread='7288' compile_id='21' compiler='C1' level='3' stamp='2248.436'/>
<make_not_entrant thread='7288' zombie='1' compile_id='7' compiler='C1' level='3' stamp='2248.